{"uid":"1460ab599dfe901","name":"Login to Orange HRM web page with parameters -- @1.2 ","fullName":"Login feature of Orange HRM website: Login to Orange HRM web page with parameters","historyId":"b579b4ae4f80accc726d4a24c5bb71cc","time":{"start":1689774439618,"stop":1689774449194,"duration":9576},"status":"failed","statusMessage":"AssertionError: '/dashboard/index' not found in 'https://opensource-demo.orangehrmlive.com/web/index.php/auth/login' : Test case 2 fail\n","statusTrace":"  File \"C:\\Users\\sheel\\Lib\\site-packages\\behave\\model.py\", line 1329, in run\n    match.run(runner.context)\n  File \"C:\\Users\\sheel\\Lib\\site-packages\\behave\\matchers.py\", line 98, in run\n    self.func(context, *args, **kwargs)\n  File \"features\\steps\\login_step.py\", line 59, in step_login_success\n    testorange_hrm.assertIn(\"/dashboard/index\", dashboard_url,  \"Test case 2 fail\")\n  File \"C:\\Users\\sheel\\Lib\\unittest\\case.py\", line 1140, in assertIn\n    self.fail(self._formatMessage(msg, standardMsg))\n  File \"C:\\Users\\sheel\\Lib\\unittest\\case.py\", line 703, in fail\n    raise self.failureException(msg)\n","flaky":false,"newFailed":false,"newBroken":false,"newPassed":false,"retriesCount":1,"retriesStatusChange":false,"beforeStages":[],"testStage":{"status":"failed","statusMessage":"AssertionError: '/dashboard/index' not found in 'https://opensource-demo.orangehrmlive.com/web/index.php/auth/login' : Test case 2 fail\n","statusTrace":"  File \"C:\\Users\\sheel\\Lib\\site-packages\\behave\\model.py\", line 1329, in run\n    match.run(runner.context)\n  File \"C:\\Users\\sheel\\Lib\\site-packages\\behave\\matchers.py\", line 98, in run\n    self.func(context, *args, **kwargs)\n  File \"features\\steps\\login_step.py\", line 59, in step_login_success\n    testorange_hrm.assertIn(\"/dashboard/index\", dashboard_url,  \"Test case 2 fail\")\n  File \"C:\\Users\\sheel\\Lib\\unittest\\case.py\", line 1140, in assertIn\n    self.fail(self._formatMessage(msg, standardMsg))\n  File \"C:\\Users\\sheel\\Lib\\unittest\\case.py\", line 703, in fail\n    raise self.failureException(msg)\n","steps":[{"name":"Given User has launched Chrome Browser","time":{"start":1689774439620,"stop":1689774442640,"duration":3020},"status":"passed","steps":[],"attachments":[],"parameters":[],"hasContent":false,"stepsCount":0,"attachmentsCount":0,"shouldDisplayMessage":false},{"name":"When the User has navigate to the Orange HRM login page","time":{"start":1689774442640,"stop":1689774444694,"duration":2054},"status":"passed","steps":[],"attachments":[],"parameters":[],"hasContent":false,"stepsCount":0,"attachmentsCount":0,"shouldDisplayMessage":false},{"name":"When the User enters valid \"Admin\" and \"shjsdd\"","time":{"start":1689774444694,"stop":1689774445991,"duration":1297},"status":"passed","steps":[],"attachments":[],"parameters":[],"hasContent":false,"stepsCount":0,"attachmentsCount":0,"shouldDisplayMessage":false},{"name":"Then the User should successfully login","time":{"start":1689774445991,"stop":1689774447002,"duration":1011},"status":"failed","statusMessage":"AssertionError: '/dashboard/index' not found in 'https://opensource-demo.orangehrmlive.com/web/index.php/auth/login' : Test case 2 fail\n","statusTrace":"  File \"C:\\Users\\sheel\\Lib\\site-packages\\behave\\model.py\", line 1329, in run\n    match.run(runner.context)\n  File \"C:\\Users\\sheel\\Lib\\site-packages\\behave\\matchers.py\", line 98, in run\n    self.func(context, *args, **kwargs)\n  File \"features\\steps\\login_step.py\", line 59, in step_login_success\n    testorange_hrm.assertIn(\"/dashboard/index\", dashboard_url,  \"Test case 2 fail\")\n  File \"C:\\Users\\sheel\\Lib\\unittest\\case.py\", line 1140, in assertIn\n    self.fail(self._formatMessage(msg, standardMsg))\n  File \"C:\\Users\\sheel\\Lib\\unittest\\case.py\", line 703, in fail\n    raise self.failureException(msg)\n","steps":[],"attachments":[],"parameters":[],"hasContent":true,"stepsCount":0,"attachmentsCount":0,"shouldDisplayMessage":true}],"attachments":[],"parameters":[],"hasContent":true,"stepsCount":4,"attachmentsCount":0,"shouldDisplayMessage":false},"afterStages":[],"labels":[{"name":"severity","value":"normal"},{"name":"tag","value":"runsecond"},{"name":"tag","value":"tag"},{"name":"feature","value":"Login feature of Orange HRM website"},{"name":"framework","value":"behave"},{"name":"language","value":"cpython3"},{"name":"resultFormat","value":"allure2"}],"parameters":[{"name":"password","value":"shjsdd"},{"name":"username","value":"Admin"}],"links":[],"hidden":false,"retry":false,"extra":{"severity":"normal","retries":[{"uid":"ce73bacbdc1dab24","status":"failed","statusDetails":"AssertionError: '/dashboard/index' not found in 'https://opensource-demo.orangehrmlive.com/web/index.php/auth/login' : Test case 2 fail\n","time":{"start":1689734949181,"stop":1689734958619,"duration":9438}}],"categories":[{"name":"Product defects","matchedStatuses":[],"flaky":false}],"tags":["runsecond","tag"]},"source":"1460ab599dfe901.json","parameterValues":["shjsdd","Admin"]}