{"uid":"4df6d26466ae3e18","name":"Login to Orange HRM web page with parameters -- @1.4 ","fullName":"Login feature of Orange HRM website: Login to Orange HRM web page with parameters","historyId":"48dcb7ea89d69db2017245b6dacaefde","time":{"start":1689774458121,"stop":1689774466022,"duration":7901},"status":"failed","statusMessage":"AssertionError: '/dashboard/index' not found in 'https://opensource-demo.orangehrmlive.com/web/index.php/auth/login' : Test case 2 fail\n","statusTrace":"  File \"C:\\Users\\sheel\\Lib\\site-packages\\behave\\model.py\", line 1329, in run\n    match.run(runner.context)\n  File \"C:\\Users\\sheel\\Lib\\site-packages\\behave\\matchers.py\", line 98, in run\n    self.func(context, *args, **kwargs)\n  File \"features\\steps\\login_step.py\", line 59, in step_login_success\n    testorange_hrm.assertIn(\"/dashboard/index\", dashboard_url,  \"Test case 2 fail\")\n  File \"C:\\Users\\sheel\\Lib\\unittest\\case.py\", line 1140, in assertIn\n    self.fail(self._formatMessage(msg, standardMsg))\n  File \"C:\\Users\\sheel\\Lib\\unittest\\case.py\", line 703, in fail\n    raise self.failureException(msg)\n","flaky":false,"newFailed":false,"newBroken":false,"newPassed":false,"retriesCount":1,"retriesStatusChange":false,"beforeStages":[],"testStage":{"status":"failed","statusMessage":"AssertionError: '/dashboard/index' not found in 'https://opensource-demo.orangehrmlive.com/web/index.php/auth/login' : Test case 2 fail\n","statusTrace":"  File \"C:\\Users\\sheel\\Lib\\site-packages\\behave\\model.py\", line 1329, in run\n    match.run(runner.context)\n  File \"C:\\Users\\sheel\\Lib\\site-packages\\behave\\matchers.py\", line 98, in run\n    self.func(context, *args, **kwargs)\n  File \"features\\steps\\login_step.py\", line 59, in step_login_success\n    testorange_hrm.assertIn(\"/dashboard/index\", dashboard_url,  \"Test case 2 fail\")\n  File \"C:\\Users\\sheel\\Lib\\unittest\\case.py\", line 1140, in assertIn\n    self.fail(self._formatMessage(msg, standardMsg))\n  File \"C:\\Users\\sheel\\Lib\\unittest\\case.py\", line 703, in fail\n    raise self.failureException(msg)\n","steps":[{"name":"Given User has launched Chrome Browser","time":{"start":1689774458122,"stop":1689774460721,"duration":2599},"status":"passed","steps":[],"attachments":[],"parameters":[],"hasContent":false,"stepsCount":0,"attachmentsCount":0,"shouldDisplayMessage":false},{"name":"When the User has navigate to the Orange HRM login page","time":{"start":1689774460721,"stop":1689774462535,"duration":1814},"status":"passed","steps":[],"attachments":[],"parameters":[],"hasContent":false,"stepsCount":0,"attachmentsCount":0,"shouldDisplayMessage":false},{"name":"When the User enters valid \"sdmfn\" and \"dfsbnn\"","time":{"start":1689774462535,"stop":1689774463302,"duration":767},"status":"passed","steps":[],"attachments":[],"parameters":[],"hasContent":false,"stepsCount":0,"attachmentsCount":0,"shouldDisplayMessage":false},{"name":"Then the User should successfully login","time":{"start":1689774463302,"stop":1689774463954,"duration":652},"status":"failed","statusMessage":"AssertionError: '/dashboard/index' not found in 'https://opensource-demo.orangehrmlive.com/web/index.php/auth/login' : Test case 2 fail\n","statusTrace":"  File \"C:\\Users\\sheel\\Lib\\site-packages\\behave\\model.py\", line 1329, in run\n    match.run(runner.context)\n  File \"C:\\Users\\sheel\\Lib\\site-packages\\behave\\matchers.py\", line 98, in run\n    self.func(context, *args, **kwargs)\n  File \"features\\steps\\login_step.py\", line 59, in step_login_success\n    testorange_hrm.assertIn(\"/dashboard/index\", dashboard_url,  \"Test case 2 fail\")\n  File \"C:\\Users\\sheel\\Lib\\unittest\\case.py\", line 1140, in assertIn\n    self.fail(self._formatMessage(msg, standardMsg))\n  File \"C:\\Users\\sheel\\Lib\\unittest\\case.py\", line 703, in fail\n    raise self.failureException(msg)\n","steps":[],"attachments":[],"parameters":[],"hasContent":true,"stepsCount":0,"attachmentsCount":0,"shouldDisplayMessage":true}],"attachments":[],"parameters":[],"hasContent":true,"stepsCount":4,"attachmentsCount":0,"shouldDisplayMessage":false},"afterStages":[],"labels":[{"name":"severity","value":"normal"},{"name":"tag","value":"runsecond"},{"name":"tag","value":"tag"},{"name":"feature","value":"Login feature of Orange HRM website"},{"name":"framework","value":"behave"},{"name":"language","value":"cpython3"},{"name":"resultFormat","value":"allure2"}],"parameters":[{"name":"password","value":"dfsbnn"},{"name":"username","value":"sdmfn"}],"links":[],"hidden":false,"retry":false,"extra":{"severity":"normal","retries":[{"uid":"90ba74c1a478da6","status":"failed","statusDetails":"AssertionError: '/dashboard/index' not found in 'https://opensource-demo.orangehrmlive.com/web/index.php/auth/login' : Test case 2 fail\n","time":{"start":1689734967990,"stop":1689734976610,"duration":8620}}],"categories":[{"name":"Product defects","matchedStatuses":[],"flaky":false}],"tags":["runsecond","tag"]},"source":"4df6d26466ae3e18.json","parameterValues":["dfsbnn","sdmfn"]}