{"uid":"b91413714046e208","name":"Login to Orange HRM web page with parameters -- @1.3 ","fullName":"Login feature of Orange HRM website: Login to Orange HRM web page with parameters","historyId":"85a7bfd1d8180877903040a3c3fbae43","time":{"start":1689774449195,"stop":1689774458120,"duration":8925},"status":"failed","statusMessage":"AssertionError: '/dashboard/index' not found in 'https://opensource-demo.orangehrmlive.com/web/index.php/auth/login' : Test case 2 fail\n","statusTrace":"  File \"C:\\Users\\sheel\\Lib\\site-packages\\behave\\model.py\", line 1329, in run\n    match.run(runner.context)\n  File \"C:\\Users\\sheel\\Lib\\site-packages\\behave\\matchers.py\", line 98, in run\n    self.func(context, *args, **kwargs)\n  File \"features\\steps\\login_step.py\", line 59, in step_login_success\n    testorange_hrm.assertIn(\"/dashboard/index\", dashboard_url,  \"Test case 2 fail\")\n  File \"C:\\Users\\sheel\\Lib\\unittest\\case.py\", line 1140, in assertIn\n    self.fail(self._formatMessage(msg, standardMsg))\n  File \"C:\\Users\\sheel\\Lib\\unittest\\case.py\", line 703, in fail\n    raise self.failureException(msg)\n","flaky":false,"newFailed":false,"newBroken":false,"newPassed":false,"retriesCount":1,"retriesStatusChange":false,"beforeStages":[],"testStage":{"status":"failed","statusMessage":"AssertionError: '/dashboard/index' not found in 'https://opensource-demo.orangehrmlive.com/web/index.php/auth/login' : Test case 2 fail\n","statusTrace":"  File \"C:\\Users\\sheel\\Lib\\site-packages\\behave\\model.py\", line 1329, in run\n    match.run(runner.context)\n  File \"C:\\Users\\sheel\\Lib\\site-packages\\behave\\matchers.py\", line 98, in run\n    self.func(context, *args, **kwargs)\n  File \"features\\steps\\login_step.py\", line 59, in step_login_success\n    testorange_hrm.assertIn(\"/dashboard/index\", dashboard_url,  \"Test case 2 fail\")\n  File \"C:\\Users\\sheel\\Lib\\unittest\\case.py\", line 1140, in assertIn\n    self.fail(self._formatMessage(msg, standardMsg))\n  File \"C:\\Users\\sheel\\Lib\\unittest\\case.py\", line 703, in fail\n    raise self.failureException(msg)\n","steps":[{"name":"Given User has launched Chrome Browser","time":{"start":1689774449196,"stop":1689774452390,"duration":3194},"status":"passed","steps":[],"attachments":[],"parameters":[],"hasContent":false,"stepsCount":0,"attachmentsCount":0,"shouldDisplayMessage":false},{"name":"When the User has navigate to the Orange HRM login page","time":{"start":1689774452390,"stop":1689774454271,"duration":1881},"status":"passed","steps":[],"attachments":[],"parameters":[],"hasContent":false,"stepsCount":0,"attachmentsCount":0,"shouldDisplayMessage":false},{"name":"When the User enters valid \"dfdsf\" and \"admin123\"","time":{"start":1689774454271,"stop":1689774455392,"duration":1121},"status":"passed","steps":[],"attachments":[],"parameters":[],"hasContent":false,"stepsCount":0,"attachmentsCount":0,"shouldDisplayMessage":false},{"name":"Then the User should successfully login","time":{"start":1689774455392,"stop":1689774456023,"duration":631},"status":"failed","statusMessage":"AssertionError: '/dashboard/index' not found in 'https://opensource-demo.orangehrmlive.com/web/index.php/auth/login' : Test case 2 fail\n","statusTrace":"  File \"C:\\Users\\sheel\\Lib\\site-packages\\behave\\model.py\", line 1329, in run\n    match.run(runner.context)\n  File \"C:\\Users\\sheel\\Lib\\site-packages\\behave\\matchers.py\", line 98, in run\n    self.func(context, *args, **kwargs)\n  File \"features\\steps\\login_step.py\", line 59, in step_login_success\n    testorange_hrm.assertIn(\"/dashboard/index\", dashboard_url,  \"Test case 2 fail\")\n  File \"C:\\Users\\sheel\\Lib\\unittest\\case.py\", line 1140, in assertIn\n    self.fail(self._formatMessage(msg, standardMsg))\n  File \"C:\\Users\\sheel\\Lib\\unittest\\case.py\", line 703, in fail\n    raise self.failureException(msg)\n","steps":[],"attachments":[],"parameters":[],"hasContent":true,"stepsCount":0,"attachmentsCount":0,"shouldDisplayMessage":true}],"attachments":[],"parameters":[],"hasContent":true,"stepsCount":4,"attachmentsCount":0,"shouldDisplayMessage":false},"afterStages":[],"labels":[{"name":"severity","value":"normal"},{"name":"tag","value":"runsecond"},{"name":"tag","value":"tag"},{"name":"feature","value":"Login feature of Orange HRM website"},{"name":"framework","value":"behave"},{"name":"language","value":"cpython3"},{"name":"resultFormat","value":"allure2"}],"parameters":[{"name":"password","value":"admin123"},{"name":"username","value":"dfdsf"}],"links":[],"hidden":false,"retry":false,"extra":{"severity":"normal","retries":[{"uid":"87585093d572b7e6","status":"failed","statusDetails":"AssertionError: '/dashboard/index' not found in 'https://opensource-demo.orangehrmlive.com/web/index.php/auth/login' : Test case 2 fail\n","time":{"start":1689734958620,"stop":1689734967988,"duration":9368}}],"categories":[{"name":"Product defects","matchedStatuses":[],"flaky":false}],"tags":["runsecond","tag"]},"source":"b91413714046e208.json","parameterValues":["admin123","dfdsf"]}